<?xml version="1.0" encoding="UTF-8"?>
<!-- Generated by org.testng.reporters.JUnitReportReporter -->
<testsuite hostname="Hagar-Elsayed" failures="0" tests="3" name="completeScenarios.NEmailVal3" time="6.920" errors="0" timestamp="2021-06-26T23:51:12 EET" skipped="0">
  <testcase classname="completeScenarios.NEmailVal3" name="verifyUnSuccessfulRegisteration" time="0.021"/>
  <system-out/>
  <testcase classname="completeScenarios.NEmailVal3" name="enterRegisterationPage" time="1.332"/>
  <system-out/>
  <testcase classname="completeScenarios.NEmailVal3" name="setNewUserData" time="5.567"/>
  <system-out/>
</testsuite> <!-- completeScenarios.NEmailVal3 -->
