<?xml version="1.0" encoding="UTF-8"?>
<!-- Generated by org.testng.reporters.JUnitReportReporter -->
<testsuite hostname="Hagar-Elsayed" failures="0" tests="3" name="completeScenarios.NLnameEmp" time="6.489" errors="0" timestamp="2021-06-26T23:51:12 EET" skipped="0">
  <testcase classname="completeScenarios.NLnameEmp" name="enterRegisterationPage" time="0.956"/>
  <system-out/>
  <testcase classname="completeScenarios.NLnameEmp" name="verifyUnSuccessfulRegisteration" time="0.005"/>
  <system-out/>
  <testcase classname="completeScenarios.NLnameEmp" name="setNewUserData" time="5.528"/>
  <system-out/>
</testsuite> <!-- completeScenarios.NLnameEmp -->
