<?xml version="1.0" encoding="UTF-8"?>
<!-- Generated by org.testng.reporters.JUnitReportReporter -->
<testsuite hostname="Hagar-Elsayed" failures="0" tests="3" name="completeScenarios.NFnameEmp" time="6.474" errors="0" timestamp="2021-06-26T23:51:12 EET" skipped="0">
  <testcase classname="completeScenarios.NFnameEmp" name="verifyUnSuccessfulRegisteration" time="0.005"/>
  <system-out/>
  <testcase classname="completeScenarios.NFnameEmp" name="enterRegisterationPage" time="0.922"/>
  <system-out/>
  <testcase classname="completeScenarios.NFnameEmp" name="setNewUserData" time="5.547"/>
  <system-out/>
</testsuite> <!-- completeScenarios.NFnameEmp -->
