<?xml version="1.0" encoding="UTF-8"?>
<!-- Generated by org.testng.reporters.JUnitReportReporter -->
<testsuite hostname="Hagar-Elsayed" failures="0" tests="3" name="completeScenarios.NPwdNMatch" time="6.970" errors="0" timestamp="2021-06-26T23:51:12 EET" skipped="0">
  <testcase classname="completeScenarios.NPwdNMatch" name="setNewUserData" time="5.552"/>
  <system-out/>
  <testcase classname="completeScenarios.NPwdNMatch" name="verifyUnSuccessfulRegisteration" time="0.026"/>
  <system-out/>
  <testcase classname="completeScenarios.NPwdNMatch" name="enterRegisterationPage" time="1.392"/>
  <system-out/>
</testsuite> <!-- completeScenarios.NPwdNMatch -->
