<?xml version="1.0" encoding="UTF-8"?>
<!-- Generated by org.testng.reporters.JUnitReportReporter -->
<testsuite hostname="Hagar-Elsayed" failures="0" tests="3" name="completeScenarios.NPwdEmp" time="6.956" errors="0" timestamp="2021-06-26T23:51:12 EET" skipped="0">
  <testcase classname="completeScenarios.NPwdEmp" name="setNewUserData" time="5.531"/>
  <system-out/>
  <testcase classname="completeScenarios.NPwdEmp" name="verifyUnSuccessfulRegisteration" time="0.005"/>
  <system-out/>
  <testcase classname="completeScenarios.NPwdEmp" name="enterRegisterationPage" time="1.420"/>
  <system-out/>
</testsuite> <!-- completeScenarios.NPwdEmp -->
