<?xml version="1.0" encoding="UTF-8"?>
<!-- Generated by org.testng.reporters.JUnitReportReporter -->
<testsuite hostname="Hagar-Elsayed" failures="0" tests="3" name="completeScenarios.NPhoneEmp" time="6.997" errors="0" timestamp="2021-06-26T23:51:12 EET" skipped="0">
  <testcase classname="completeScenarios.NPhoneEmp" name="setNewUserData" time="5.544"/>
  <system-out/>
  <testcase classname="completeScenarios.NPhoneEmp" name="enterRegisterationPage" time="1.449"/>
  <system-out/>
  <testcase classname="completeScenarios.NPhoneEmp" name="verifyUnSuccessfulRegisteration" time="0.004"/>
  <system-out/>
</testsuite> <!-- completeScenarios.NPhoneEmp -->
