<?xml version="1.0" encoding="UTF-8"?>
<!-- Generated by org.testng.reporters.JUnitReportReporter -->
<testsuite hostname="Hagar-Elsayed" failures="0" tests="3" name="completeScenarios.NEmailVal1" time="6.539" errors="0" timestamp="2021-06-26T23:51:12 EET" skipped="0">
  <testcase classname="completeScenarios.NEmailVal1" name="setNewUserData" time="5.564"/>
  <system-out/>
  <testcase classname="completeScenarios.NEmailVal1" name="verifyUnSuccessfulRegisteration" time="0.005"/>
  <system-out/>
  <testcase classname="completeScenarios.NEmailVal1" name="enterRegisterationPage" time="0.970"/>
  <system-out/>
</testsuite> <!-- completeScenarios.NEmailVal1 -->
