<?xml version="1.0" encoding="UTF-8"?>
<!-- Generated by org.testng.reporters.JUnitReportReporter -->
<testsuite hostname="Hagar-Elsayed" failures="0" tests="3" name="completeScenarios.NEmailVal2" time="6.579" errors="0" timestamp="2021-06-26T23:51:12 EET" skipped="0">
  <testcase classname="completeScenarios.NEmailVal2" name="setNewUserData" time="5.545"/>
  <system-out/>
  <testcase classname="completeScenarios.NEmailVal2" name="enterRegisterationPage" time="1.011"/>
  <system-out/>
  <testcase classname="completeScenarios.NEmailVal2" name="verifyUnSuccessfulRegisteration" time="0.023"/>
  <system-out/>
</testsuite> <!-- completeScenarios.NEmailVal2 -->
