<?xml version="1.0" encoding="UTF-8"?>
<!-- Generated by org.testng.reporters.JUnitReportReporter -->
<testsuite hostname="Hagar-Elsayed" failures="0" tests="3" name="completeScenarios.NEmailVal4" time="6.525" errors="0" timestamp="2021-06-26T23:51:12 EET" skipped="0">
  <testcase classname="completeScenarios.NEmailVal4" name="verifyUnSuccessfulRegisteration" time="0.022"/>
  <system-out/>
  <testcase classname="completeScenarios.NEmailVal4" name="enterRegisterationPage" time="0.935"/>
  <system-out/>
  <testcase classname="completeScenarios.NEmailVal4" name="setNewUserData" time="5.568"/>
  <system-out/>
</testsuite> <!-- completeScenarios.NEmailVal4 -->
