<?xml version="1.0" encoding="UTF-8"?>
<!-- Generated by org.testng.reporters.JUnitReportReporter -->
<testsuite hostname="Hagar-Elsayed" failures="0" tests="3" name="completeScenarios.NEmailPwdWrong" time="6.481" errors="0" timestamp="2021-06-26T23:51:12 EET" skipped="0">
  <testcase classname="completeScenarios.NEmailPwdWrong" name="enterRegisterationPage" time="0.948"/>
  <system-out/>
  <testcase classname="completeScenarios.NEmailPwdWrong" name="setNewUserData" time="5.525"/>
  <system-out/>
  <testcase classname="completeScenarios.NEmailPwdWrong" name="verifyUnSuccessfulRegisteration" time="0.008"/>
  <system-out/>
</testsuite> <!-- completeScenarios.NEmailPwdWrong -->
