<?xml version="1.0" encoding="UTF-8"?>
<!-- Generated by org.testng.reporters.JUnitReportReporter -->
<testsuite hostname="Hagar-Elsayed" failures="0" tests="3" name="completeScenarios.NEmailEmp" time="6.494" errors="0" timestamp="2021-06-26T23:51:12 EET" skipped="0">
  <testcase classname="completeScenarios.NEmailEmp" name="enterRegisterationPage" time="0.951"/>
  <system-out/>
  <testcase classname="completeScenarios.NEmailEmp" name="verifyUnSuccessfulRegisteration" time="0.004"/>
  <system-out/>
  <testcase classname="completeScenarios.NEmailEmp" name="setNewUserData" time="5.539"/>
  <system-out/>
</testsuite> <!-- completeScenarios.NEmailEmp -->
