<?xml version="1.0" encoding="UTF-8"?>
<!-- Generated by org.testng.reporters.JUnitReportReporter -->
<testsuite hostname="Hagar-Elsayed" failures="0" tests="6" name="completeScenarios.SignUpAndLogin" time="9.572" errors="0" timestamp="2021-06-23T18:18:42 EET" skipped="0">
  <testcase classname="completeScenarios.SignUpAndLogin" name="setLoginCredintials" time="1.911"/>
  <system-out/>
  <testcase classname="completeScenarios.SignUpAndLogin" name="enterRegisterationPage" time="1.449"/>
  <system-out/>
  <testcase classname="completeScenarios.SignUpAndLogin" name="verifySuccessfulRegisteration" time="0.073"/>
  <system-out/>
  <testcase classname="completeScenarios.SignUpAndLogin" name="validateSuccessfulLogin" time="0.467"/>
  <system-out/>
  <testcase classname="completeScenarios.SignUpAndLogin" name="setNewUserData" time="3.566"/>
  <system-out/>
  <testcase classname="completeScenarios.SignUpAndLogin" name="logout" time="2.106"/>
  <system-out/>
</testsuite> <!-- completeScenarios.SignUpAndLogin -->
